2025-02-21 Friday 15:22:55 INFO: --
2025-02-21 Friday 15:22:55 INFO: Started at 2025-02-21T09:52:55.130266+00:00
2025-02-21 Friday 15:23:00 INFO: Total 1 found
2025-02-21 Friday 15:23:38 INFO: --
2025-02-21 Friday 15:23:38 INFO: Started at 2025-02-21T09:53:38.985201+00:00
2025-02-21 Friday 15:23:42 INFO: Total 1 found
2025-02-21 Friday 15:23:42 INFO: --
2025-02-21 Friday 15:24:15 INFO: --
2025-02-21 Friday 15:24:15 INFO: Started at 2025-02-21T09:54:15.769984+00:00
2025-02-21 Friday 15:24:20 INFO: Total 1 found
2025-02-21 Friday 15:24:38 INFO: --
2025-02-21 Friday 15:24:38 INFO: Started at 2025-02-21T09:54:38.116860+00:00
2025-02-21 Friday 15:24:42 INFO: Total 1 found
2025-02-21 Friday 15:25:35 INFO: --
2025-02-21 Friday 15:25:35 INFO: Started at 2025-02-21T09:55:35.469294+00:00
2025-02-21 Friday 15:25:37 INFO: Total 1 found
2025-02-21 Friday 15:26:58 INFO: --
2025-02-21 Friday 15:26:58 INFO: Started at 2025-02-21T09:56:58.185936+00:00
2025-02-21 Friday 15:27:00 INFO: Total 1 found
2025-02-21 Friday 15:29:09 INFO: --
2025-02-21 Friday 15:29:09 INFO: Started at 2025-02-21T09:59:09.793656+00:00
2025-02-21 Friday 15:29:12 INFO: Total 1 found
2025-02-21 Friday 15:31:45 INFO: Started at 2025-02-21T10:01:45.055600+00:00
2025-02-21 Friday 15:31:47 INFO: Total 1 found
2025-02-21 Friday 15:32:08 INFO: Started at 2025-02-21T10:02:08.073679+00:00
2025-02-21 Friday 15:32:10 INFO: Total 1 found
2025-02-21 Friday 15:32:31 INFO: Started at 2025-02-21T10:02:31.213795+00:00
2025-02-21 Friday 15:32:33 INFO: Total 1 found
2025-02-21 Friday 15:33:09 INFO: Started at 2025-02-21T10:03:09.074541+00:00
2025-02-21 Friday 15:33:11 INFO: Total 1 found
2025-02-21 Friday 15:35:18 INFO: Started at 2025-02-21T10:05:18.377550+00:00
2025-02-21 Friday 15:35:20 INFO: Total 1 found
2025-02-21 Friday 15:35:22 INFO: Publishing restaurant ------------------------------ 67b84f0e25ddfdc58732dfef
2025-02-21 Friday 15:36:12 INFO: Started at 2025-02-21T10:06:12.224231+00:00
2025-02-21 Friday 15:36:14 INFO: Total 1 found
2025-02-21 Friday 15:36:15 INFO: Publishing restaurant ------------------------------ 67b84f0e25ddfdc58732dfef
2025-02-21 Friday 15:36:35 INFO: Started at 2025-02-21T10:06:35.080704+00:00
2025-02-21 Friday 15:36:37 INFO: Total 1 found
2025-02-21 Friday 15:36:38 INFO: Publishing restaurant ------------------------------ 67b8502725ddfdc58732dff7
2025-02-21 Friday 15:45:01 INFO: Started at 2025-02-21T10:15:01.408196+00:00
2025-02-21 Friday 15:45:04 INFO: Total 1 found
2025-02-21 Friday 15:45:05 INFO: Publishing restaurant ------------------------------ 67b851fdf3aa1c73cd5de088
2025-02-21 Friday 15:47:00 INFO: Started at 2025-02-21T10:17:00.363234+00:00
2025-02-21 Friday 15:47:02 INFO: Total 1 found
2025-02-21 Friday 15:47:04 INFO: Publishing restaurant ------------------------------ 67b8528df1b62528c7fe139d
2025-02-21 Friday 15:55:10 INFO: --
2025-02-21 Friday 15:55:10 INFO: Started at 2025-02-21T10:25:10.348736+00:00
2025-02-21 Friday 15:55:13 INFO: Total 1 found
2025-02-21 Friday 15:55:14 INFO: Publishing restaurant ------------------------------ 67b85445f3aa1c73cd5de096
2025-02-21 Friday 15:55:15 INFO: <h1>La Casona (, ) Menu:</h1><div class="menu_div"><table dir="ltr" cellspacing="0" cellpadding="0"><colgroup><col width="815" /><col width="100" /></colgroup><tbody><tr class="rest_item"><td><h5>Grand Opening Specials</h5></td><tr class="rest_name"><td><strong>Margaritas, Mojitos & Sangrias</strong></td><td>$5</td></tr><tr class="rest_desc"><tr class="rest_name"><td><strong>Taco Trio</strong></td><td>$7</td></tr><tr class="rest_desc"><tr class="rest_name"><td><strong>Enchiladas, Burritos or Flautas</strong></td><td>$7</td></tr><tr class="rest_desc"><tr class="rest_name"><td><strong>Steak or Chicken Fajitas</strong></td><td>$9</td></tr><tr class="rest_desc"></tr></tbody></table></div><div class="rest_div"></div><h6>La Casona restaurant menu is provided by <a href="https://www.allmenus.com/" target="_blank" rel="noopener">top-menus.com</a>.</h6>DISCLAIMER: Information shown may not reflect recent changes. Check with this restaurant for current pricing and menu information. A listing on top-menus.com does not necessarily reflect our affiliation with or endorsement of the listed restaurant, or the listed restaurant’s endorsement of top-menus.com. Please tell us by <a href="https://top-menus.com/contact/" target="_blank" rel="noopener">clicking here</a> if you know that any of the information shown is incorrect. For more information, please read our <a href="https://top-menus.com/terms-and-conditions/" target="_blank" rel="noopener">Terms and Conditions</a>.
2025-02-21 Friday 15:55:16 ERROR: error in main - La Casona
Traceback (most recent call last):
  File "/Users/manish/publishing-onemenus-15-jan/wordpress/publish_wordpress.py", line 220, in process_data
    last_insert_id = insert_post(
        cursor, d, post_title, post_name, content, business_hours
    )
  File "/Users/manish/publishing-onemenus-15-jan/wordpress/publish_wordpress.py", line 616, in insert_post
    res = cursor.execute(
        insert_sql,
    ...<13 lines>...
        ),
    )
  File "/Users/manish/publishing-onemenus-15-jan/wordpress/venv/lib/python3.13/site-packages/pymysql/cursors.py", line 153, in execute
    result = self._query(query)
  File "/Users/manish/publishing-onemenus-15-jan/wordpress/venv/lib/python3.13/site-packages/pymysql/cursors.py", line 322, in _query
    conn.query(q)
    ~~~~~~~~~~^^^
  File "/Users/manish/publishing-onemenus-15-jan/wordpress/venv/lib/python3.13/site-packages/pymysql/connections.py", line 563, in query
    self._affected_rows = self._read_query_result(unbuffered=unbuffered)
                          ~~~~~~~~~~~~~~~~~~~~~~~^^^^^^^^^^^^^^^^^^^^^^^
  File "/Users/manish/publishing-onemenus-15-jan/wordpress/venv/lib/python3.13/site-packages/pymysql/connections.py", line 825, in _read_query_result
    result.read()
    ~~~~~~~~~~~^^
  File "/Users/manish/publishing-onemenus-15-jan/wordpress/venv/lib/python3.13/site-packages/pymysql/connections.py", line 1199, in read
    first_packet = self.connection._read_packet()
  File "/Users/manish/publishing-onemenus-15-jan/wordpress/venv/lib/python3.13/site-packages/pymysql/connections.py", line 775, in _read_packet
    packet.raise_for_error()
    ~~~~~~~~~~~~~~~~~~~~~~^^
  File "/Users/manish/publishing-onemenus-15-jan/wordpress/venv/lib/python3.13/site-packages/pymysql/protocol.py", line 219, in raise_for_error
    err.raise_mysql_exception(self._data)
    ~~~~~~~~~~~~~~~~~~~~~~~~~^^^^^^^^^^^^
  File "/Users/manish/publishing-onemenus-15-jan/wordpress/venv/lib/python3.13/site-packages/pymysql/err.py", line 150, in raise_mysql_exception
    raise errorclass(errno, errval)
pymysql.err.OperationalError: (1364, "Field 'post_excerpt' doesn't have a default value")
2025-02-21 Friday 15:55:17 INFO: --
2025-02-21 Friday 15:56:46 INFO: Started at 2025-02-21T10:26:46.973803+00:00
2025-02-21 Friday 15:56:49 INFO: Total 1 found
2025-02-21 Friday 15:56:50 INFO: Publishing restaurant ------------------------------ 67b854e825ddfdc58732e02b
2025-02-21 Friday 15:56:51 INFO: <h1>Wendys (, ) Menu:</h1><div class="menu_div"><table dir="ltr" cellspacing="0" cellpadding="0"><colgroup><col width="815" /><col width="100" /></colgroup><tbody><tr class="rest_item"><td><h5>More Food, Beverages & Desserts</h5></td><tr class="rest_name"><td><strong>Ghost Pepper Ranch Chicken</strong></td><td></td></tr></tbody></table></div><div class="rest_div"></div><h6>Wendys restaurant menu is provided by <a href="https://www.allmenus.com/" target="_blank" rel="noopener">top-menus.com</a>.</h6>DISCLAIMER: Information shown may not reflect recent changes. Check with this restaurant for current pricing and menu information. A listing on top-menus.com does not necessarily reflect our affiliation with or endorsement of the listed restaurant, or the listed restaurant’s endorsement of top-menus.com. Please tell us by <a href="https://top-menus.com/contact/" target="_blank" rel="noopener">clicking here</a> if you know that any of the information shown is incorrect. For more information, please read our <a href="https://top-menus.com/terms-and-conditions/" target="_blank" rel="noopener">Terms and Conditions</a>.
2025-02-21 Friday 15:56:58 ERROR: error in main - Wendy's
Traceback (most recent call last):
  File "/Users/manish/publishing-onemenus-15-jan/wordpress/publish_wordpress.py", line 209, in process_data
    last_insert_id = insert_post(
        cursor, d, post_title, post_name, content, business_hours
    )
  File "/Users/manish/publishing-onemenus-15-jan/wordpress/publish_wordpress.py", line 616, in insert_post
    res = cursor.execute(
        insert_sql,
    ...<13 lines>...
        ),
    )
  File "/Users/manish/publishing-onemenus-15-jan/wordpress/venv/lib/python3.13/site-packages/pymysql/cursors.py", line 153, in execute
    result = self._query(query)
  File "/Users/manish/publishing-onemenus-15-jan/wordpress/venv/lib/python3.13/site-packages/pymysql/cursors.py", line 322, in _query
    conn.query(q)
    ~~~~~~~~~~^^^
  File "/Users/manish/publishing-onemenus-15-jan/wordpress/venv/lib/python3.13/site-packages/pymysql/connections.py", line 563, in query
    self._affected_rows = self._read_query_result(unbuffered=unbuffered)
                          ~~~~~~~~~~~~~~~~~~~~~~~^^^^^^^^^^^^^^^^^^^^^^^
  File "/Users/manish/publishing-onemenus-15-jan/wordpress/venv/lib/python3.13/site-packages/pymysql/connections.py", line 825, in _read_query_result
    result.read()
    ~~~~~~~~~~~^^
  File "/Users/manish/publishing-onemenus-15-jan/wordpress/venv/lib/python3.13/site-packages/pymysql/connections.py", line 1199, in read
    first_packet = self.connection._read_packet()
  File "/Users/manish/publishing-onemenus-15-jan/wordpress/venv/lib/python3.13/site-packages/pymysql/connections.py", line 775, in _read_packet
    packet.raise_for_error()
    ~~~~~~~~~~~~~~~~~~~~~~^^
  File "/Users/manish/publishing-onemenus-15-jan/wordpress/venv/lib/python3.13/site-packages/pymysql/protocol.py", line 219, in raise_for_error
    err.raise_mysql_exception(self._data)
    ~~~~~~~~~~~~~~~~~~~~~~~~~^^^^^^^^^^^^
  File "/Users/manish/publishing-onemenus-15-jan/wordpress/venv/lib/python3.13/site-packages/pymysql/err.py", line 150, in raise_mysql_exception
    raise errorclass(errno, errval)
pymysql.err.OperationalError: (1364, "Field 'post_excerpt' doesn't have a default value")
2025-02-21 Friday 15:56:59 INFO: Ended at 2025-02-21T10:26:59.148649+00:00
2025-02-21 Friday 15:57:28 INFO: Started at 2025-02-21T10:27:28.202472+00:00
2025-02-21 Friday 15:57:30 INFO: Total 1 found
2025-02-21 Friday 15:57:31 INFO: Publishing restaurant ------------------------------ 67b854e825ddfdc58732e02b
2025-02-21 Friday 15:57:32 INFO: <h1>Wendys (, ) Menu:</h1><div class="menu_div"><table dir="ltr" cellspacing="0" cellpadding="0"><colgroup><col width="815" /><col width="100" /></colgroup><tbody><tr class="rest_item"><td><h5>More Food, Beverages & Desserts</h5></td><tr class="rest_name"><td><strong>Ghost Pepper Ranch Chicken</strong></td><td></td></tr></tbody></table></div><div class="rest_div"></div><h6>Wendys restaurant menu is provided by <a href="https://www.allmenus.com/" target="_blank" rel="noopener">top-menus.com</a>.</h6>DISCLAIMER: Information shown may not reflect recent changes. Check with this restaurant for current pricing and menu information. A listing on top-menus.com does not necessarily reflect our affiliation with or endorsement of the listed restaurant, or the listed restaurant’s endorsement of top-menus.com. Please tell us by <a href="https://top-menus.com/contact/" target="_blank" rel="noopener">clicking here</a> if you know that any of the information shown is incorrect. For more information, please read our <a href="https://top-menus.com/terms-and-conditions/" target="_blank" rel="noopener">Terms and Conditions</a>.
2025-02-21 Friday 15:57:40 ERROR: error in main - Wendy's
Traceback (most recent call last):
  File "/Users/manish/publishing-onemenus-15-jan/wordpress/publish_wordpress.py", line 210, in process_data
    last_insert_id = insert_post(
        cursor, d, post_title, post_name, content, business_hours
    )
  File "/Users/manish/publishing-onemenus-15-jan/wordpress/publish_wordpress.py", line 617, in insert_post
    res = cursor.execute(
        insert_sql,
    ...<13 lines>...
        ),
    )
  File "/Users/manish/publishing-onemenus-15-jan/wordpress/venv/lib/python3.13/site-packages/pymysql/cursors.py", line 153, in execute
    result = self._query(query)
  File "/Users/manish/publishing-onemenus-15-jan/wordpress/venv/lib/python3.13/site-packages/pymysql/cursors.py", line 322, in _query
    conn.query(q)
    ~~~~~~~~~~^^^
  File "/Users/manish/publishing-onemenus-15-jan/wordpress/venv/lib/python3.13/site-packages/pymysql/connections.py", line 563, in query
    self._affected_rows = self._read_query_result(unbuffered=unbuffered)
                          ~~~~~~~~~~~~~~~~~~~~~~~^^^^^^^^^^^^^^^^^^^^^^^
  File "/Users/manish/publishing-onemenus-15-jan/wordpress/venv/lib/python3.13/site-packages/pymysql/connections.py", line 825, in _read_query_result
    result.read()
    ~~~~~~~~~~~^^
  File "/Users/manish/publishing-onemenus-15-jan/wordpress/venv/lib/python3.13/site-packages/pymysql/connections.py", line 1199, in read
    first_packet = self.connection._read_packet()
  File "/Users/manish/publishing-onemenus-15-jan/wordpress/venv/lib/python3.13/site-packages/pymysql/connections.py", line 775, in _read_packet
    packet.raise_for_error()
    ~~~~~~~~~~~~~~~~~~~~~~^^
  File "/Users/manish/publishing-onemenus-15-jan/wordpress/venv/lib/python3.13/site-packages/pymysql/protocol.py", line 219, in raise_for_error
    err.raise_mysql_exception(self._data)
    ~~~~~~~~~~~~~~~~~~~~~~~~~^^^^^^^^^^^^
  File "/Users/manish/publishing-onemenus-15-jan/wordpress/venv/lib/python3.13/site-packages/pymysql/err.py", line 150, in raise_mysql_exception
    raise errorclass(errno, errval)
pymysql.err.OperationalError: (1364, "Field 'post_excerpt' doesn't have a default value")
2025-02-21 Friday 15:57:40 INFO: Ended at 2025-02-21T10:27:40.713058+00:00
2025-02-21 Friday 16:09:57 INFO: Started at 2025-02-21T10:39:57.496312+00:00
2025-02-21 Friday 16:09:58 INFO: Total 1 found
2025-02-21 Friday 16:09:59 INFO: Publishing restaurant ------------------------------ 67b854e825ddfdc58732e02b
2025-02-21 Friday 16:10:01 INFO: <h1>Wendys (, ) Menu:</h1><div class="menu_div"><table dir="ltr" cellspacing="0" cellpadding="0"><colgroup><col width="815" /><col width="100" /></colgroup><tbody><tr class="rest_item"><td><h5>More Food, Beverages & Desserts</h5></td><tr class="rest_name"><td><strong>Ghost Pepper Ranch Chicken</strong></td><td></td></tr></tbody></table></div><div class="rest_div"></div><h6>Wendys restaurant menu is provided by <a href="https://www.allmenus.com/" target="_blank" rel="noopener">top-menus.com</a>.</h6>DISCLAIMER: Information shown may not reflect recent changes. Check with this restaurant for current pricing and menu information. A listing on top-menus.com does not necessarily reflect our affiliation with or endorsement of the listed restaurant, or the listed restaurant’s endorsement of top-menus.com. Please tell us by <a href="https://top-menus.com/contact/" target="_blank" rel="noopener">clicking here</a> if you know that any of the information shown is incorrect. For more information, please read our <a href="https://top-menus.com/terms-and-conditions/" target="_blank" rel="noopener">Terms and Conditions</a>.
2025-02-21 Friday 16:10:08 ERROR: error in main - Wendy's
Traceback (most recent call last):
  File "/Users/manish/publishing-onemenus-15-jan/wordpress/publish_wordpress.py", line 210, in process_data
    last_insert_id = insert_post(
        cursor, d, post_title, post_name, content, business_hours
    )
  File "/Users/manish/publishing-onemenus-15-jan/wordpress/publish_wordpress.py", line 617, in insert_post
    res = cursor.execute(
        insert_sql,
    ...<13 lines>...
        ),
    )
  File "/Users/manish/publishing-onemenus-15-jan/wordpress/venv/lib/python3.13/site-packages/pymysql/cursors.py", line 153, in execute
    result = self._query(query)
  File "/Users/manish/publishing-onemenus-15-jan/wordpress/venv/lib/python3.13/site-packages/pymysql/cursors.py", line 322, in _query
    conn.query(q)
    ~~~~~~~~~~^^^
  File "/Users/manish/publishing-onemenus-15-jan/wordpress/venv/lib/python3.13/site-packages/pymysql/connections.py", line 563, in query
    self._affected_rows = self._read_query_result(unbuffered=unbuffered)
                          ~~~~~~~~~~~~~~~~~~~~~~~^^^^^^^^^^^^^^^^^^^^^^^
  File "/Users/manish/publishing-onemenus-15-jan/wordpress/venv/lib/python3.13/site-packages/pymysql/connections.py", line 825, in _read_query_result
    result.read()
    ~~~~~~~~~~~^^
  File "/Users/manish/publishing-onemenus-15-jan/wordpress/venv/lib/python3.13/site-packages/pymysql/connections.py", line 1199, in read
    first_packet = self.connection._read_packet()
  File "/Users/manish/publishing-onemenus-15-jan/wordpress/venv/lib/python3.13/site-packages/pymysql/connections.py", line 775, in _read_packet
    packet.raise_for_error()
    ~~~~~~~~~~~~~~~~~~~~~~^^
  File "/Users/manish/publishing-onemenus-15-jan/wordpress/venv/lib/python3.13/site-packages/pymysql/protocol.py", line 219, in raise_for_error
    err.raise_mysql_exception(self._data)
    ~~~~~~~~~~~~~~~~~~~~~~~~~^^^^^^^^^^^^
  File "/Users/manish/publishing-onemenus-15-jan/wordpress/venv/lib/python3.13/site-packages/pymysql/err.py", line 150, in raise_mysql_exception
    raise errorclass(errno, errval)
pymysql.err.OperationalError: (1364, "Field 'post_excerpt' doesn't have a default value")
2025-02-21 Friday 16:10:08 INFO: Ended at 2025-02-21T10:40:08.803511+00:00
2025-02-21 Friday 16:11:21 INFO: Started at 2025-02-21T10:41:21.505578+00:00
2025-02-21 Friday 16:11:22 INFO: Total 1 found
2025-02-21 Friday 16:11:23 INFO: Publishing restaurant ------------------------------ 67b854e825ddfdc58732e02b
2025-02-21 Friday 16:11:25 INFO: <h1>Wendys (, ) Menu:</h1><div class="menu_div"><table dir="ltr" cellspacing="0" cellpadding="0"><colgroup><col width="815" /><col width="100" /></colgroup><tbody><tr class="rest_item"><td><h5>More Food, Beverages & Desserts</h5></td><tr class="rest_name"><td><strong>Ghost Pepper Ranch Chicken</strong></td><td></td></tr></tbody></table></div><div class="rest_div"></div><h6>Wendys restaurant menu is provided by <a href="https://www.allmenus.com/" target="_blank" rel="noopener">top-menus.com</a>.</h6>DISCLAIMER: Information shown may not reflect recent changes. Check with this restaurant for current pricing and menu information. A listing on top-menus.com does not necessarily reflect our affiliation with or endorsement of the listed restaurant, or the listed restaurant’s endorsement of top-menus.com. Please tell us by <a href="https://top-menus.com/contact/" target="_blank" rel="noopener">clicking here</a> if you know that any of the information shown is incorrect. For more information, please read our <a href="https://top-menus.com/terms-and-conditions/" target="_blank" rel="noopener">Terms and Conditions</a>.
2025-02-21 Friday 16:11:40 ERROR: error in main - Wendy's
Traceback (most recent call last):
  File "/Users/manish/publishing-onemenus-15-jan/wordpress/publish_wordpress.py", line 210, in process_data
    last_insert_id = insert_post(
        cursor, d, post_title, post_name, content, business_hours
    )
  File "/Users/manish/publishing-onemenus-15-jan/wordpress/publish_wordpress.py", line 617, in insert_post
    res = cursor.execute(
        insert_sql,
    ...<13 lines>...
        ),
    )
  File "/Users/manish/publishing-onemenus-15-jan/wordpress/venv/lib/python3.13/site-packages/pymysql/cursors.py", line 153, in execute
    result = self._query(query)
  File "/Users/manish/publishing-onemenus-15-jan/wordpress/venv/lib/python3.13/site-packages/pymysql/cursors.py", line 322, in _query
    conn.query(q)
    ~~~~~~~~~~^^^
  File "/Users/manish/publishing-onemenus-15-jan/wordpress/venv/lib/python3.13/site-packages/pymysql/connections.py", line 563, in query
    self._affected_rows = self._read_query_result(unbuffered=unbuffered)
                          ~~~~~~~~~~~~~~~~~~~~~~~^^^^^^^^^^^^^^^^^^^^^^^
  File "/Users/manish/publishing-onemenus-15-jan/wordpress/venv/lib/python3.13/site-packages/pymysql/connections.py", line 825, in _read_query_result
    result.read()
    ~~~~~~~~~~~^^
  File "/Users/manish/publishing-onemenus-15-jan/wordpress/venv/lib/python3.13/site-packages/pymysql/connections.py", line 1199, in read
    first_packet = self.connection._read_packet()
  File "/Users/manish/publishing-onemenus-15-jan/wordpress/venv/lib/python3.13/site-packages/pymysql/connections.py", line 775, in _read_packet
    packet.raise_for_error()
    ~~~~~~~~~~~~~~~~~~~~~~^^
  File "/Users/manish/publishing-onemenus-15-jan/wordpress/venv/lib/python3.13/site-packages/pymysql/protocol.py", line 219, in raise_for_error
    err.raise_mysql_exception(self._data)
    ~~~~~~~~~~~~~~~~~~~~~~~~~^^^^^^^^^^^^
  File "/Users/manish/publishing-onemenus-15-jan/wordpress/venv/lib/python3.13/site-packages/pymysql/err.py", line 150, in raise_mysql_exception
    raise errorclass(errno, errval)
pymysql.err.OperationalError: (1364, "Field 'post_excerpt' doesn't have a default value")
2025-02-21 Friday 16:11:40 INFO: Ended at 2025-02-21T10:41:40.491760+00:00
2025-02-21 Friday 16:12:22 INFO: Started at 2025-02-21T10:42:22.820968+00:00
2025-02-21 Friday 16:12:23 INFO: Total 1 found
2025-02-21 Friday 16:12:25 INFO: Publishing restaurant ------------------------------ 67b854e825ddfdc58732e02b
2025-02-21 Friday 16:12:40 ERROR: error in main - Wendy's
Traceback (most recent call last):
  File "/Users/manish/publishing-onemenus-15-jan/wordpress/publish_wordpress.py", line 209, in process_data
    last_insert_id = insert_post(
        cursor, d, post_title, post_name, content, business_hours
    )
  File "/Users/manish/publishing-onemenus-15-jan/wordpress/publish_wordpress.py", line 616, in insert_post
        insert_sql,
          ^^^^^^^^^
    ...<15 lines>...
    last_insert_id = cursor.lastrowid
    ^
  File "/Users/manish/publishing-onemenus-15-jan/wordpress/venv/lib/python3.13/site-packages/pymysql/cursors.py", line 153, in execute
    result = self._query(query)
  File "/Users/manish/publishing-onemenus-15-jan/wordpress/venv/lib/python3.13/site-packages/pymysql/cursors.py", line 322, in _query
    conn.query(q)
    ~~~~~~~~~~^^^
  File "/Users/manish/publishing-onemenus-15-jan/wordpress/venv/lib/python3.13/site-packages/pymysql/connections.py", line 563, in query
    self._affected_rows = self._read_query_result(unbuffered=unbuffered)
                          ~~~~~~~~~~~~~~~~~~~~~~~^^^^^^^^^^^^^^^^^^^^^^^
  File "/Users/manish/publishing-onemenus-15-jan/wordpress/venv/lib/python3.13/site-packages/pymysql/connections.py", line 825, in _read_query_result
    result.read()
    ~~~~~~~~~~~^^
  File "/Users/manish/publishing-onemenus-15-jan/wordpress/venv/lib/python3.13/site-packages/pymysql/connections.py", line 1199, in read
    first_packet = self.connection._read_packet()
  File "/Users/manish/publishing-onemenus-15-jan/wordpress/venv/lib/python3.13/site-packages/pymysql/connections.py", line 775, in _read_packet
    packet.raise_for_error()
    ~~~~~~~~~~~~~~~~~~~~~~^^
  File "/Users/manish/publishing-onemenus-15-jan/wordpress/venv/lib/python3.13/site-packages/pymysql/protocol.py", line 219, in raise_for_error
    err.raise_mysql_exception(self._data)
    ~~~~~~~~~~~~~~~~~~~~~~~~~^^^^^^^^^^^^
  File "/Users/manish/publishing-onemenus-15-jan/wordpress/venv/lib/python3.13/site-packages/pymysql/err.py", line 150, in raise_mysql_exception
    raise errorclass(errno, errval)
pymysql.err.OperationalError: (1364, "Field 'post_excerpt' doesn't have a default value")
2025-02-21 Friday 16:12:40 INFO: Ended at 2025-02-21T10:42:40.909979+00:00
2025-02-21 Friday 16:20:42 INFO: Started at 2025-02-21T10:50:42.658670+00:00
2025-02-21 Friday 16:20:43 INFO: Total 1 found
2025-02-21 Friday 16:20:45 INFO: Publishing restaurant ------------------------------ 67b854e825ddfdc58732e02b
2025-02-21 Friday 16:21:17 INFO: Error in featured image
2025-02-21 Friday 16:21:18 INFO: Published successfully - 67b854e825ddfdc58732e02b
2025-02-21 Friday 16:21:18 INFO: Ended at 2025-02-21T10:51:18.350664+00:00
2025-02-21 Friday 16:23:32 INFO: Started at 2025-02-21T10:53:32.279678+00:00
2025-02-21 Friday 16:23:33 INFO: Total 1 found
2025-02-21 Friday 16:23:34 INFO: Publishing restaurant ------------------------------ 67b854e825ddfdc58732e02b
2025-02-21 Friday 16:23:48 INFO: Published successfully - 67b854e825ddfdc58732e02b
2025-02-21 Friday 16:23:48 INFO: Ended at 2025-02-21T10:53:48.795137+00:00
2025-02-21 Friday 16:25:10 INFO: Started at 2025-02-21T10:55:10.555352+00:00
2025-02-21 Friday 16:25:11 INFO: Total 1 found
2025-02-21 Friday 16:25:12 INFO: Publishing restaurant ------------------------------ 67b854e825ddfdc58732e02b
2025-02-21 Friday 16:25:34 INFO: Published successfully - 67b854e825ddfdc58732e02b
2025-02-21 Friday 16:25:34 INFO: Ended at 2025-02-21T10:55:34.574154+00:00
2025-02-21 Friday 16:31:41 INFO: Started at 2025-02-21T11:01:41.597839+00:00
2025-02-21 Friday 16:31:42 INFO: Total 1 found
2025-02-21 Friday 16:31:43 INFO: Publishing restaurant ------------------------------ 67b854e825ddfdc58732e02b
2025-02-21 Friday 16:31:57 INFO: Published successfully - 67b854e825ddfdc58732e02b
2025-02-21 Friday 16:31:57 INFO: Ended at 2025-02-21T11:01:57.062589+00:00
2025-02-21 Friday 16:35:57 INFO: Started at 2025-02-21T11:05:57.863292+00:00
2025-02-21 Friday 16:35:59 INFO: Total 1 found
2025-02-21 Friday 16:36:01 INFO: Publishing restaurant ------------------------------ 673f6a8e2dadce3c514b1158
2025-02-21 Friday 16:36:23 INFO: Published successfully - 673f6a8e2dadce3c514b1158
2025-02-21 Friday 16:36:23 INFO: Ended at 2025-02-21T11:06:23.713363+00:00
2025-02-21 Friday 16:39:56 INFO: Started at 2025-02-21T11:09:56.860359+00:00
2025-02-21 Friday 16:39:58 INFO: Total 1 found
2025-02-21 Friday 16:40:01 INFO: Publishing restaurant ------------------------------ 673f6a8e2dadce3c514b1158
2025-02-21 Friday 16:40:23 INFO: Published successfully - 673f6a8e2dadce3c514b1158
2025-02-21 Friday 16:40:23 INFO: Ended at 2025-02-21T11:10:23.392704+00:00
2025-02-21 Friday 16:48:29 INFO: Started at 2025-02-21T11:18:29.826775+00:00
2025-02-21 Friday 16:48:31 INFO: Total 1 found
2025-02-21 Friday 16:48:34 INFO: Publishing restaurant ------------------------------ 673f6a8e2dadce3c514b1158
2025-02-21 Friday 16:48:53 INFO: Started at 2025-02-21T11:18:53.571546+00:00
2025-02-21 Friday 16:48:54 INFO: Total 1 found
2025-02-21 Friday 16:48:58 INFO: Publishing restaurant ------------------------------ 673f6a8e2dadce3c514b1158
2025-02-21 Friday 16:49:11 INFO: Published successfully - 673f6a8e2dadce3c514b1158
2025-02-21 Friday 16:49:11 INFO: Ended at 2025-02-21T11:19:11.453830+00:00
2025-02-21 Friday 16:52:27 INFO: Started at 2025-02-21T11:22:27.489101+00:00
2025-02-21 Friday 16:52:28 INFO: Total 1 found
2025-02-21 Friday 16:52:31 INFO: Publishing restaurant ------------------------------ 673f6a8e2dadce3c514b1158
2025-02-21 Friday 16:52:44 INFO: Published successfully - 673f6a8e2dadce3c514b1158
2025-02-21 Friday 16:52:44 INFO: Ended at 2025-02-21T11:22:44.792990+00:00
2025-02-21 Friday 16:53:13 INFO: Started at 2025-02-21T11:23:13.403162+00:00
2025-02-21 Friday 16:53:14 INFO: Total 1 found
2025-02-21 Friday 16:53:16 INFO: Publishing restaurant ------------------------------ 673f6a8e2dadce3c514b1158
2025-02-21 Friday 16:53:31 INFO: Published successfully - 673f6a8e2dadce3c514b1158
2025-02-21 Friday 16:53:31 INFO: Ended at 2025-02-21T11:23:31.111186+00:00
2025-02-21 Friday 16:55:01 INFO: Started at 2025-02-21T11:25:01.125748+00:00
2025-02-21 Friday 16:55:02 INFO: Total 1 found
2025-02-21 Friday 16:55:04 INFO: Publishing restaurant ------------------------------ 673f6a8e2dadce3c514b1158
2025-02-21 Friday 16:55:25 INFO: Published successfully - 673f6a8e2dadce3c514b1158
2025-02-21 Friday 16:55:25 INFO: Ended at 2025-02-21T11:25:25.754575+00:00
2025-02-21 Friday 16:56:27 INFO: Started at 2025-02-21T11:26:27.832038+00:00
2025-02-21 Friday 16:56:28 INFO: Total 1 found
2025-02-21 Friday 16:56:31 INFO: Publishing restaurant ------------------------------ 673f6a8e2dadce3c514b1158
2025-02-21 Friday 16:56:45 INFO: Published successfully - 673f6a8e2dadce3c514b1158
2025-02-21 Friday 16:56:45 INFO: Ended at 2025-02-21T11:26:45.608483+00:00
2025-02-21 Friday 16:57:15 INFO: Started at 2025-02-21T11:27:15.887135+00:00
2025-02-21 Friday 16:57:17 INFO: Total 1 found
2025-02-21 Friday 16:57:19 INFO: Publishing restaurant ------------------------------ 673f6a8e2dadce3c514b1158
2025-02-21 Friday 16:57:38 INFO: Published successfully - 673f6a8e2dadce3c514b1158
2025-02-21 Friday 16:57:38 INFO: Ended at 2025-02-21T11:27:38.929204+00:00
2025-02-21 Friday 17:01:31 INFO: Started at 2025-02-21T11:31:31.770577+00:00
2025-02-21 Friday 17:01:32 INFO: Total 1 found
2025-02-21 Friday 17:01:35 INFO: Publishing restaurant ------------------------------ 673f6a8e2dadce3c514b1158
2025-02-21 Friday 17:01:50 INFO: Published successfully - 673f6a8e2dadce3c514b1158
2025-02-21 Friday 17:01:50 INFO: Ended at 2025-02-21T11:31:50.026619+00:00
2025-02-21 Friday 17:13:06 INFO: Started at 2025-02-21T11:43:06.965959+00:00
2025-02-21 Friday 17:13:12 INFO: Total 1 found
2025-02-21 Friday 17:13:15 INFO: Publishing restaurant ------------------------------ 67329c8d07b7c041bca3185b
2025-02-21 Friday 17:13:37 INFO: Error in featured image - ensure_remote_dir() takes 1 positional argument but 2 were given
2025-02-21 Friday 17:13:37 INFO: Published successfully ------------------------------ 67329c8d07b7c041bca3185b
2025-02-21 Friday 17:13:37 INFO: Ended at 2025-02-21T11:43:37.843579+00:00
2025-02-21 Friday 17:14:11 INFO: Started at 2025-02-21T11:44:11.040938+00:00
2025-02-21 Friday 17:14:13 INFO: Total 1 found
2025-02-21 Friday 17:14:15 INFO: Publishing restaurant ------------------------------ 67329c8d07b7c041bca3185b
2025-02-21 Friday 17:14:25 INFO: Published successfully ------------------------------ 67329c8d07b7c041bca3185b
2025-02-21 Friday 17:14:25 INFO: Ended at 2025-02-21T11:44:25.124093+00:00
2025-02-21 Friday 17:17:31 INFO: Started at 2025-02-21T11:47:31.146274+00:00
2025-02-21 Friday 17:17:32 INFO: Total 1 found
2025-02-21 Friday 17:17:35 INFO: Publishing restaurant ------------------------------ 673f6a8e2dadce3c514b1158
2025-02-21 Friday 17:17:48 INFO: Published successfully ------------------------------ 673f6a8e2dadce3c514b1158
2025-02-21 Friday 17:17:48 INFO: Ended at 2025-02-21T11:47:48.726059+00:00
2025-02-21 Friday 17:18:33 INFO: Started at 2025-02-21T11:48:33.935026+00:00
2025-02-21 Friday 17:18:35 INFO: Total 1 found
2025-02-21 Friday 17:18:37 INFO: Publishing restaurant ------------------------------ 673f6a8e2dadce3c514b1158
2025-02-21 Friday 17:18:58 INFO: Error in featured image
2025-02-21 Friday 17:18:58 INFO: Published successfully ------------------------------ 673f6a8e2dadce3c514b1158
2025-02-21 Friday 17:18:58 INFO: Ended at 2025-02-21T11:48:58.699068+00:00
2025-02-21 Friday 17:20:04 INFO: Started at 2025-02-21T11:50:04.476204+00:00
2025-02-21 Friday 17:20:05 INFO: Total 1 found
2025-02-21 Friday 17:20:08 INFO: Publishing restaurant ------------------------------ 673f6a8e2dadce3c514b1158
2025-02-21 Friday 17:20:29 INFO: Published successfully ------------------------------ 673f6a8e2dadce3c514b1158
2025-02-21 Friday 17:20:29 INFO: Ended at 2025-02-21T11:50:29.765017+00:00
2025-02-21 Friday 17:23:41 INFO: Started at 2025-02-21T11:53:41.497115+00:00
2025-02-21 Friday 17:23:42 INFO: Total 1 found
2025-02-21 Friday 17:23:45 INFO: Publishing restaurant ------------------------------ 673f6a8e2dadce3c514b1158
2025-02-21 Friday 17:23:59 ERROR: error in main - Wendy's
Traceback (most recent call last):
  File "/Users/manish/publishing-onemenus-15-jan/wordpress/publish_wordpress.py", line 204, in process_data
    insert_featured_image(d, post_id, post_title, post_name)
    ~~~~~~~~~~~~~~~~~~~~~^^^^^^^^^^^^^^^^^^^^^^^^^^^^^^^^^^^
TypeError: insert_featured_image() missing 1 required positional argument: 'post_name'

During handling of the above exception, another exception occurred:

Traceback (most recent call last):
  File "/Users/manish/publishing-onemenus-15-jan/wordpress/publish_wordpress.py", line 206, in process_data
    logger.info(msg=f"Error in featured image: {e}")
                                                ^
UnboundLocalError: cannot access local variable 'e' where it is not associated with a value
2025-02-21 Friday 17:24:00 INFO: Ended at 2025-02-21T11:54:00.181255+00:00
2025-02-21 Friday 17:24:59 INFO: Started at 2025-02-21T11:54:59.107871+00:00
2025-02-21 Friday 17:25:00 INFO: Total 1 found
2025-02-21 Friday 17:25:03 INFO: Publishing restaurant ------------------------------ 673f6a8e2dadce3c514b1158
2025-02-21 Friday 17:25:16 INFO: Published successfully ------------------------------ 673f6a8e2dadce3c514b1158
2025-02-21 Friday 17:25:17 INFO: Ended at 2025-02-21T11:55:17.002615+00:00
2025-02-21 Friday 17:25:52 INFO: Started at 2025-02-21T11:55:52.959467+00:00
2025-02-21 Friday 17:25:54 INFO: Total 1 found
2025-02-21 Friday 17:25:56 INFO: Publishing restaurant ------------------------------ 673f6a8e2dadce3c514b1158
2025-02-21 Friday 17:26:28 INFO: Published successfully ------------------------------ 673f6a8e2dadce3c514b1158
2025-02-21 Friday 17:26:28 INFO: Ended at 2025-02-21T11:56:28.568299+00:00
2025-02-21 Friday 17:41:52 INFO: Started at 2025-02-21T12:11:52.586944+00:00
2025-02-21 Friday 17:41:55 INFO: Total 1 found
2025-02-21 Friday 17:41:59 INFO: Publishing restaurant ------------------------------ 67451341ed4ad58e86558b39
2025-02-21 Friday 17:42:57 INFO: Published successfully ------------------------------ 67451341ed4ad58e86558b39
2025-02-21 Friday 17:42:57 INFO: Ended at 2025-02-21T12:12:57.457241+00:00
2025-02-21 Friday 17:54:38 INFO: Started at 2025-02-21T12:24:38.602740+00:00
2025-02-21 Friday 17:54:39 INFO: Total 1 found
2025-02-21 Friday 17:54:43 INFO: Publishing restaurant ------------------------------ 673f6a8e2dadce3c514b1158
2025-02-21 Friday 17:55:10 INFO: Published successfully ------------------------------ 673f6a8e2dadce3c514b1158
2025-02-21 Friday 17:55:10 INFO: Ended at 2025-02-21T12:25:10.526645+00:00
