2025-03-04 Tuesday 10:43:24 INFO: Started at 2025-03-04T05:13:24.989580+00:00
2025-03-04 Tuesday 10:43:32 INFO: Total 0 found
2025-03-04 Tuesday 10:43:32 INFO: Ended at 2025-03-04T05:13:32.590583+00:00
2025-03-04 Tuesday 10:44:28 INFO: Started at 2025-03-04T05:14:28.564476+00:00
2025-03-04 Tuesday 10:44:29 INFO: Total 1 found
2025-03-04 Tuesday 10:44:30 INFO: Publishing restaurant ------------------------------ 66e623cacf5d3e2586d16ee5 | 0x80db7fc7986d5e7d:0x8bab0cf650cd71e9
2025-03-04 Tuesday 10:46:32 INFO: Started at 2025-03-04T05:16:32.595675+00:00
2025-03-04 Tuesday 10:46:33 INFO: Total 1 found
2025-03-04 Tuesday 10:46:34 INFO: Publishing restaurant ------------------------------ 66e623cacf5d3e2586d16ee5 | 0x80db7fc7986d5e7d:0x8bab0cf650cd71e9
2025-03-04 Tuesday 10:47:13 INFO: Published restaurant ------------------------------ 66e623cacf5d3e2586d16ee5 | 0x80db7fc7986d5e7d:0x8bab0cf650cd71e9
2025-03-04 Tuesday 10:47:13 INFO: Ended at 2025-03-04T05:17:13.243337+00:00
2025-03-04 Tuesday 10:59:27 INFO: Started at 2025-03-04T05:29:27.505459+00:00
2025-03-04 Tuesday 10:59:28 INFO: Total 1 found
2025-03-04 Tuesday 10:59:29 INFO: Publishing restaurant ------------------------------ 66ee0d0acf5d3e2586306f35 | 0x54d0664c4c435d17:0x64f822a8dfd6ba26
2025-03-04 Tuesday 10:59:47 INFO: Published restaurant ------------------------------ 66ee0d0acf5d3e2586306f35 | 0x54d0664c4c435d17:0x64f822a8dfd6ba26
2025-03-04 Tuesday 10:59:47 INFO: Ended at 2025-03-04T05:29:47.402320+00:00
2025-03-04 Tuesday 11:16:08 INFO: Started at 2025-03-04T05:46:08.709481+00:00
2025-03-04 Tuesday 11:16:09 INFO: Total 1 found
2025-03-04 Tuesday 11:16:10 INFO: Publishing restaurant ------------------------------ 66e623dccf5d3e2586d1b139 | 0x80db7fc7e9e3c9b3:0x8dbfadf71f550f8e
2025-03-04 Tuesday 11:16:42 INFO: Published restaurant ------------------------------ 66e623dccf5d3e2586d1b139 | 0x80db7fc7e9e3c9b3:0x8dbfadf71f550f8e
2025-03-04 Tuesday 11:16:42 INFO: Ended at 2025-03-04T05:46:42.183820+00:00
2025-03-04 Tuesday 11:20:30 INFO: Started at 2025-03-04T05:50:30.532526+00:00
2025-03-04 Tuesday 11:20:31 INFO: Total 1 found
2025-03-04 Tuesday 11:20:31 INFO: Publishing restaurant ------------------------------ 66e623dccf5d3e2586d1b40f | 0x80db7fc80bba0f91:0x183abedc40c71e77
2025-03-04 Tuesday 11:20:49 INFO: Published restaurant ------------------------------ 66e623dccf5d3e2586d1b40f | 0x80db7fc80bba0f91:0x183abedc40c71e77
2025-03-04 Tuesday 11:20:49 INFO: Ended at 2025-03-04T05:50:49.032845+00:00
2025-03-04 Tuesday 11:21:34 INFO: Started at 2025-03-04T05:51:34.557075+00:00
2025-03-04 Tuesday 11:21:35 INFO: Total 1 found
2025-03-04 Tuesday 11:21:35 INFO: Publishing restaurant ------------------------------ 66e623c9cf5d3e2586d16d92 | 0x80db7fcd9c3bc47d:0xcb551eb01be37367
2025-03-04 Tuesday 11:21:58 INFO: Published restaurant ------------------------------ 66e623c9cf5d3e2586d16d92 | 0x80db7fcd9c3bc47d:0xcb551eb01be37367
2025-03-04 Tuesday 11:21:58 INFO: Ended at 2025-03-04T05:51:58.200985+00:00
2025-03-04 Tuesday 11:22:50 INFO: Started at 2025-03-04T05:52:50.858063+00:00
2025-03-04 Tuesday 11:22:51 INFO: Total 1 found
2025-03-04 Tuesday 11:22:52 INFO: Publishing restaurant ------------------------------ 66e623d8cf5d3e2586d1a400 | 0x80db7fd0d135ee53:0xc8cbcb444fadc117
2025-03-04 Tuesday 11:23:31 INFO: Published restaurant ------------------------------ 66e623d8cf5d3e2586d1a400 | 0x80db7fd0d135ee53:0xc8cbcb444fadc117
2025-03-04 Tuesday 11:23:31 INFO: Ended at 2025-03-04T05:53:31.411377+00:00
2025-03-04 Tuesday 11:54:53 INFO: Started at 2025-03-04T06:24:53.988443+00:00
2025-03-04 Tuesday 11:54:55 INFO: Total 1 found
2025-03-04 Tuesday 11:54:57 INFO: Publishing restaurant ------------------------------ 66e623c8cf5d3e2586d16992 | 0x80db804fb87c016f:0x927f1048ca5a4c32
2025-03-04 Tuesday 11:56:50 INFO: Published restaurant ------------------------------ 66e623c8cf5d3e2586d16992 | 0x80db804fb87c016f:0x927f1048ca5a4c32
2025-03-04 Tuesday 11:56:50 INFO: Ended at 2025-03-04T06:26:50.510291+00:00
2025-03-04 Tuesday 12:02:42 INFO: Started at 2025-03-04T06:32:42.100470+00:00
2025-03-04 Tuesday 12:02:43 INFO: Total 1 found
2025-03-04 Tuesday 12:02:46 INFO: Publishing restaurant ------------------------------ 66e62440cf5d3e2586d2e89e | 0x80db8b35b942e4b1:0x68d150f97733a14
2025-03-04 Tuesday 12:04:26 INFO: Published restaurant ------------------------------ 66e62440cf5d3e2586d2e89e | 0x80db8b35b942e4b1:0x68d150f97733a14
2025-03-04 Tuesday 12:04:26 INFO: Ended at 2025-03-04T06:34:26.427468+00:00
2025-03-04 Tuesday 12:11:19 INFO: Started at 2025-03-04T06:41:19.592539+00:00
2025-03-04 Tuesday 12:11:21 INFO: Total 1 found
2025-03-04 Tuesday 12:11:24 INFO: Publishing restaurant ------------------------------ 66ee0d0acf5d3e258630695a | 0x54d10ff95382d38b:0x3ad7f0cd4ca26cd0
2025-03-04 Tuesday 12:13:47 INFO: Published restaurant ------------------------------ 66ee0d0acf5d3e258630695a | 0x54d10ff95382d38b:0x3ad7f0cd4ca26cd0
2025-03-04 Tuesday 12:13:47 INFO: Ended at 2025-03-04T06:43:47.553057+00:00
2025-03-04 Tuesday 12:18:49 INFO: Started at 2025-03-04T06:48:49.303607+00:00
2025-03-04 Tuesday 12:18:59 INFO: Total 5 found
2025-03-04 Tuesday 12:19:00 INFO: Publishing restaurant ------------------------------ 66e623d7cf5d3e2586d19e2a | 0x80dc81fc959f53fd:0xb7430edcfbb355bc
2025-03-04 Tuesday 12:19:14 INFO: Published restaurant ------------------------------ 66e623d7cf5d3e2586d19e2a | 0x80dc81fc959f53fd:0xb7430edcfbb355bc
2025-03-04 Tuesday 12:19:14 INFO: Publishing restaurant ------------------------------ 66e623dbcf5d3e2586d1acdb | 0x80dc8208cb742523:0x71fa769537158ce8
2025-03-04 Tuesday 12:20:27 INFO: Published restaurant ------------------------------ 66e623dbcf5d3e2586d1acdb | 0x80dc8208cb742523:0x71fa769537158ce8
2025-03-04 Tuesday 12:20:32 INFO: Publishing restaurant ------------------------------ 66ef5e8acf5d3e25866c782b | 0x80900c5a5311a8c1:0x571b1866e9a0c34f
2025-03-04 Tuesday 12:22:50 INFO: Published restaurant ------------------------------ 66ef5e8acf5d3e25866c782b | 0x80900c5a5311a8c1:0x571b1866e9a0c34f
2025-03-04 Tuesday 12:22:50 INFO: Publishing restaurant ------------------------------ 66e623d4cf5d3e2586d19077 | 0x80dc8208e32bc38d:0xc24c80829df40b34
2025-03-04 Tuesday 12:23:58 INFO: Published restaurant ------------------------------ 66e623d4cf5d3e2586d19077 | 0x80dc8208e32bc38d:0xc24c80829df40b34
2025-03-04 Tuesday 12:23:59 INFO: Publishing restaurant ------------------------------ 66ee0d09cf5d3e2586306451 | 0x54d1408d02f7c417:0x50cfe9bf11f5617f
2025-03-04 Tuesday 12:25:53 INFO: Published restaurant ------------------------------ 66ee0d09cf5d3e2586306451 | 0x54d1408d02f7c417:0x50cfe9bf11f5617f
2025-03-04 Tuesday 12:25:53 INFO: Ended at 2025-03-04T06:55:53.277995+00:00
2025-03-04 Tuesday 12:30:18 INFO: Started at 2025-03-04T07:00:18.845218+00:00
2025-03-04 Tuesday 12:30:20 INFO: Total 19 found
2025-03-04 Tuesday 12:30:21 INFO: Publishing restaurant ------------------------------ 66e623d9cf5d3e2586d1a6b1 | 0x80dc820927d4cbbd:0x38a906bd7693d0b1
2025-03-04 Tuesday 12:31:55 INFO: Published restaurant ------------------------------ 66e623d9cf5d3e2586d1a6b1 | 0x80dc820927d4cbbd:0x38a906bd7693d0b1
2025-03-04 Tuesday 12:31:55 INFO: Publishing restaurant ------------------------------ 66ee0d09cf5d3e25863060d9 | 0x54d14130f8864381:0xe6f016322f7bea62
2025-03-04 Tuesday 12:33:41 INFO: Published restaurant ------------------------------ 66ee0d09cf5d3e25863060d9 | 0x54d14130f8864381:0xe6f016322f7bea62
2025-03-04 Tuesday 12:33:41 INFO: Publishing restaurant ------------------------------ 66e623cacf5d3e2586d16efc | 0x80dc82092c0ee54d:0x108d678723c50dfb
2025-03-04 Tuesday 12:35:32 INFO: Published restaurant ------------------------------ 66e623cacf5d3e2586d16efc | 0x80dc82092c0ee54d:0x108d678723c50dfb
2025-03-04 Tuesday 12:35:34 INFO: Publishing restaurant ------------------------------ 66e623d1cf5d3e2586d187ed | 0x80dc82094c0215f7:0xe51d775c0fa483c4
2025-03-04 Tuesday 12:42:09 INFO: Error in featured image - Server connection dropped: 
2025-03-04 Tuesday 12:44:06 INFO: Started at 2025-03-04T07:14:06.880064+00:00
2025-03-04 Tuesday 12:44:08 INFO: Total 6 found
2025-03-04 Tuesday 12:44:09 INFO: Publishing restaurant ------------------------------ 66e623d1cf5d3e2586d187ed | 0x80dc82094c0215f7:0xe51d775c0fa483c4
2025-03-04 Tuesday 12:44:27 INFO: Published restaurant ------------------------------ 66e623d1cf5d3e2586d187ed | 0x80dc82094c0215f7:0xe51d775c0fa483c4
2025-03-04 Tuesday 12:44:27 INFO: Publishing restaurant ------------------------------ 66e623d7cf5d3e2586d1a0e1 | 0x80dc8209a93c8075:0x6e46495c3a2d6312
2025-03-04 Tuesday 12:45:00 INFO: Published restaurant ------------------------------ 66e623d7cf5d3e2586d1a0e1 | 0x80dc8209a93c8075:0x6e46495c3a2d6312
2025-03-04 Tuesday 12:45:01 INFO: Publishing restaurant ------------------------------ 66ef5e86cf5d3e25866c72e7 | 0x80900c5a553b8e2f:0x7ff770978f608b76
2025-03-04 Tuesday 12:46:28 INFO: Published restaurant ------------------------------ 66ef5e86cf5d3e25866c72e7 | 0x80900c5a553b8e2f:0x7ff770978f608b76
2025-03-04 Tuesday 12:46:28 INFO: Publishing restaurant ------------------------------ 66e623d5cf5d3e2586d1927a | 0x80dc820b9ffe3591:0xb0da81caafc91a09
2025-03-04 Tuesday 12:47:03 INFO: Published restaurant ------------------------------ 66e623d5cf5d3e2586d1927a | 0x80dc820b9ffe3591:0xb0da81caafc91a09
2025-03-04 Tuesday 12:47:04 INFO: Publishing restaurant ------------------------------ 66ef5e82cf5d3e25866c5f0a | 0x80900c7b924fdd9b:0x1b6b091ecd1ddf6e
2025-03-04 Tuesday 12:47:21 INFO: Published restaurant ------------------------------ 66ef5e82cf5d3e25866c5f0a | 0x80900c7b924fdd9b:0x1b6b091ecd1ddf6e
2025-03-04 Tuesday 12:47:21 INFO: Publishing restaurant ------------------------------ 66e623d9cf5d3e2586d1a6c5 | 0x80dc820e18784b5b:0xca49c0b7063850
2025-03-04 Tuesday 12:48:07 INFO: Published restaurant ------------------------------ 66e623d9cf5d3e2586d1a6c5 | 0x80dc820e18784b5b:0xca49c0b7063850
2025-03-04 Tuesday 12:48:07 INFO: Ended at 2025-03-04T07:18:07.754822+00:00
