2025-02-20 Thursday 11:15:34 INFO: --
2025-02-20 Thursday 11:15:34 INFO: Started at 2025-02-20T05:45:34.372623+00:00
2025-02-20 Thursday 11:15:36 INFO: Total 1 found
2025-02-20 Thursday 11:15:36 INFO: Publishing restaurant - 676bdc37cdefea7333dc8677
2025-02-20 Thursday 11:17:28 INFO: --
2025-02-20 Thursday 11:17:28 INFO: Started at 2025-02-20T05:47:28.438997+00:00
2025-02-20 Thursday 11:17:34 INFO: Total 1 found
2025-02-20 Thursday 11:17:34 INFO: Publishing restaurant - 676bdc37cdefea7333dc8677
2025-02-20 Thursday 11:20:57 ERROR: error in main - Whataburger
Traceback (most recent call last):
  File "/Users/manish/publishing-onemenus-15-jan/wordpress/old_publish_wordpress.py", line 146, in process_data
    cursor.execute(check_sql, (check_with_quote, check_without_quote))
    ~~~~~~~~~~~~~~^^^^^^^^^^^^^^^^^^^^^^^^^^^^^^^^^^^^^^^^^^^^^^^^^^^^
  File "/Users/manish/publishing-onemenus-15-jan/wordpress/venv/lib/python3.13/site-packages/pymysql/cursors.py", line 153, in execute
    result = self._query(query)
  File "/Users/manish/publishing-onemenus-15-jan/wordpress/venv/lib/python3.13/site-packages/pymysql/cursors.py", line 322, in _query
    conn.query(q)
    ~~~~~~~~~~^^^
  File "/Users/manish/publishing-onemenus-15-jan/wordpress/venv/lib/python3.13/site-packages/pymysql/connections.py", line 563, in query
    self._affected_rows = self._read_query_result(unbuffered=unbuffered)
                          ~~~~~~~~~~~~~~~~~~~~~~~^^^^^^^^^^^^^^^^^^^^^^^
  File "/Users/manish/publishing-onemenus-15-jan/wordpress/venv/lib/python3.13/site-packages/pymysql/connections.py", line 825, in _read_query_result
    result.read()
    ~~~~~~~~~~~^^
  File "/Users/manish/publishing-onemenus-15-jan/wordpress/venv/lib/python3.13/site-packages/pymysql/connections.py", line 1206, in read
    self._read_result_packet(first_packet)
    ~~~~~~~~~~~~~~~~~~~~~~~~^^^^^^^^^^^^^^
  File "/Users/manish/publishing-onemenus-15-jan/wordpress/venv/lib/python3.13/site-packages/pymysql/connections.py", line 1283, in _read_result_packet
    self._read_rowdata_packet()
    ~~~~~~~~~~~~~~~~~~~~~~~~~^^
  File "/Users/manish/publishing-onemenus-15-jan/wordpress/venv/lib/python3.13/site-packages/pymysql/connections.py", line 1330, in _read_rowdata_packet
    packet = self.connection._read_packet()
  File "/Users/manish/publishing-onemenus-15-jan/wordpress/venv/lib/python3.13/site-packages/pymysql/connections.py", line 763, in _read_packet
    recv_data = self._read_bytes(bytes_to_read)
  File "/Users/manish/publishing-onemenus-15-jan/wordpress/venv/lib/python3.13/site-packages/pymysql/connections.py", line 798, in _read_bytes
    raise err.OperationalError(
        CR.CR_SERVER_LOST, "Lost connection to MySQL server during query"
    )
pymysql.err.OperationalError: (2013, 'Lost connection to MySQL server during query')
2025-02-20 Thursday 11:21:09 INFO: --
2025-02-20 Thursday 11:30:12 INFO: --
2025-02-20 Thursday 11:30:12 INFO: Started at 2025-02-20T06:00:12.271183+00:00
2025-02-20 Thursday 11:30:14 INFO: Total 1 found
2025-02-20 Thursday 11:30:14 INFO: Publishing restaurant - 676bdc37cdefea7333dc8677
2025-02-20 Thursday 11:32:53 ERROR: error in main - Whataburger
Traceback (most recent call last):
  File "/Users/manish/publishing-onemenus-15-jan/wordpress/old_publish_wordpress.py", line 205, in process_data
    'sql_id': post_id,
              ^^^^^^^
UnboundLocalError: cannot access local variable 'post_id' where it is not associated with a value
2025-02-20 Thursday 11:32:53 INFO: --
2025-02-20 Thursday 11:36:06 INFO: --
2025-02-20 Thursday 11:36:06 INFO: Started at 2025-02-20T06:06:06.852002+00:00
2025-02-20 Thursday 11:36:09 INFO: Total 1 found
2025-02-20 Thursday 11:36:09 INFO: Publishing restaurant - 676bdc37cdefea7333dc8677
2025-02-20 Thursday 11:37:52 INFO: --
2025-02-20 Thursday 11:37:52 INFO: Started at 2025-02-20T06:07:52.311559+00:00
2025-02-20 Thursday 11:37:53 INFO: Total 1 found
2025-02-20 Thursday 11:37:53 INFO: Publishing restaurant - 676bdc37cdefea7333dc8677
2025-02-20 Thursday 11:39:58 INFO: Published successfully - 676bdc37cdefea7333dc8677
2025-02-20 Thursday 11:39:58 INFO: --
2025-02-20 Thursday 11:41:29 INFO: --
2025-02-20 Thursday 11:41:29 INFO: Started at 2025-02-20T06:11:29.977149+00:00
2025-02-20 Thursday 11:41:31 INFO: Total 1 found
2025-02-20 Thursday 11:41:31 INFO: Publishing restaurant - 676bdbd31456a1843c67da42
2025-02-20 Thursday 11:42:16 ERROR: error in main - Blue Mound Cafe - Saginaw
Traceback (most recent call last):
  File "/Users/manish/publishing-onemenus-15-jan/wordpress/old_publish_wordpress.py", line 205, in process_data
    'sql_id': row['ID'],
              ^^^
UnboundLocalError: cannot access local variable 'row' where it is not associated with a value
2025-02-20 Thursday 11:42:16 INFO: --
2025-02-20 Thursday 11:50:47 INFO: --
2025-02-20 Thursday 11:50:47 INFO: Started at 2025-02-20T06:20:47.683214+00:00
2025-02-20 Thursday 11:50:49 INFO: Total 1 found
2025-02-20 Thursday 11:50:49 INFO: Publishing restaurant - 676bdbd31456a1843c67da42
2025-02-20 Thursday 11:50:59 INFO: Published successfully - 676bdbd31456a1843c67da42
2025-02-20 Thursday 11:50:59 INFO: --
2025-02-20 Thursday 11:51:56 INFO: --
2025-02-20 Thursday 11:51:56 INFO: Started at 2025-02-20T06:21:56.119122+00:00
2025-02-20 Thursday 11:51:57 INFO: Total 1 found
2025-02-20 Thursday 11:51:57 INFO: Publishing restaurant - 676bdbaa61a478d3ee8e40a7
2025-02-20 Thursday 11:52:21 INFO: Published successfully - 676bdbaa61a478d3ee8e40a7
2025-02-20 Thursday 11:52:21 INFO: --
2025-02-20 Thursday 11:52:41 INFO: --
2025-02-20 Thursday 11:52:41 INFO: Started at 2025-02-20T06:22:41.690128+00:00
2025-02-20 Thursday 11:52:44 INFO: Total 1 found
2025-02-20 Thursday 11:52:44 INFO: Publishing restaurant - 676bdba4cdefea7333dc8673
2025-02-20 Thursday 11:53:02 ERROR: error in main - Mi Rancho Humble
Traceback (most recent call last):
  File "/Users/manish/publishing-onemenus-15-jan/wordpress/old_publish_wordpress.py", line 206, in process_data
    'sql_id': row['ID'],
              ^^^
UnboundLocalError: cannot access local variable 'row' where it is not associated with a value
2025-02-20 Thursday 11:53:03 INFO: --
2025-02-20 Thursday 11:54:14 INFO: --
2025-02-20 Thursday 11:54:14 INFO: Started at 2025-02-20T06:24:14.037943+00:00
2025-02-20 Thursday 11:54:15 INFO: Total 1 found
2025-02-20 Thursday 11:54:15 INFO: Publishing restaurant - 676bdba4cdefea7333dc8673
2025-02-20 Thursday 11:55:36 INFO: --
2025-02-20 Thursday 11:55:36 INFO: Started at 2025-02-20T06:25:36.490875+00:00
2025-02-20 Thursday 11:55:37 INFO: Total 1 found
2025-02-20 Thursday 11:55:37 INFO: Publishing restaurant - 676bdb9561a478d3ee8e40a3
2025-02-20 Thursday 11:56:24 INFO: Published successfully - 676bdb9561a478d3ee8e40a3
2025-02-20 Thursday 11:56:24 INFO: --
2025-02-20 Thursday 11:56:34 INFO: --
2025-02-20 Thursday 11:56:34 INFO: Started at 2025-02-20T06:26:34.261164+00:00
2025-02-20 Thursday 11:56:35 INFO: Total 1 found
2025-02-20 Thursday 11:56:35 INFO: Publishing restaurant - 676bdb6161a478d3ee8e409f
2025-02-20 Thursday 11:56:44 INFO: Published successfully - 676bdb6161a478d3ee8e409f
2025-02-20 Thursday 11:56:44 INFO: --
2025-02-20 Thursday 11:58:35 INFO: --
2025-02-20 Thursday 11:58:35 INFO: Started at 2025-02-20T06:28:35.595773+00:00
2025-02-20 Thursday 11:58:37 INFO: Total 4 found
2025-02-20 Thursday 11:58:37 INFO: Publishing restaurant - 676bdb2d61a478d3ee8e409b
2025-02-20 Thursday 11:58:58 INFO: Published successfully - 676bdb2d61a478d3ee8e409b
2025-02-20 Thursday 11:58:58 INFO: Publishing restaurant - 676bdb1e1456a1843c67da3e
2025-02-20 Thursday 11:59:30 INFO: Published successfully - 676bdb1e1456a1843c67da3e
2025-02-20 Thursday 11:59:30 INFO: Publishing restaurant - 676bda9a1456a1843c67da3a
2025-02-20 Thursday 12:00:23 INFO: Published successfully - 676bda9a1456a1843c67da3a
2025-02-20 Thursday 12:00:23 INFO: Publishing restaurant - 676bda4a61a478d3ee8e4097
2025-02-20 Thursday 12:00:46 INFO: Published successfully - 676bda4a61a478d3ee8e4097
2025-02-20 Thursday 12:00:46 INFO: --
2025-02-20 Thursday 12:04:05 INFO: --
2025-02-20 Thursday 12:04:05 INFO: Started at 2025-02-20T06:34:05.292544+00:00
2025-02-20 Thursday 12:04:08 INFO: Total 1 found
2025-02-20 Thursday 12:04:08 INFO: Publishing restaurant - 676bdb1e1456a1843c67da3e
2025-02-20 Thursday 12:04:17 INFO: Published successfully - 676bdb1e1456a1843c67da3e
2025-02-20 Thursday 12:04:17 INFO: --
2025-02-20 Thursday 12:06:48 INFO: --
2025-02-20 Thursday 12:06:48 INFO: Started at 2025-02-20T06:36:48.201020+00:00
2025-02-20 Thursday 12:06:49 INFO: Total 1 found
2025-02-20 Thursday 12:06:49 INFO: Publishing restaurant - 676bdb1e1456a1843c67da3e
2025-02-20 Thursday 12:06:57 INFO: Published successfully - 676bdb1e1456a1843c67da3e
2025-02-20 Thursday 12:06:57 INFO: --
2025-02-20 Thursday 12:08:35 INFO: --
2025-02-20 Thursday 12:08:35 INFO: Started at 2025-02-20T06:38:35.257113+00:00
2025-02-20 Thursday 12:08:37 INFO: Total 1 found
2025-02-20 Thursday 12:08:37 INFO: Publishing restaurant - 676bdb1e1456a1843c67da3e
2025-02-20 Thursday 12:08:47 INFO: Published successfully - 676bdb1e1456a1843c67da3e
2025-02-20 Thursday 12:08:47 INFO: --
2025-02-20 Thursday 12:09:08 INFO: --
2025-02-20 Thursday 12:09:08 INFO: Started at 2025-02-20T06:39:08.869476+00:00
2025-02-20 Thursday 12:13:02 INFO: Total 10 found
2025-02-20 Thursday 12:13:02 INFO: Publishing restaurant - 676bda3261a478d3ee8e4093
2025-02-20 Thursday 12:13:23 INFO: Published successfully - 676bda3261a478d3ee8e4093
2025-02-20 Thursday 12:13:23 INFO: Publishing restaurant - 676bda1161a478d3ee8e408f
2025-02-20 Thursday 12:13:42 INFO: Published successfully - 676bda1161a478d3ee8e408f
2025-02-20 Thursday 12:13:42 INFO: Publishing restaurant - 676bda06cdefea7333dc866d
2025-02-20 Thursday 12:15:05 INFO: Published successfully - 676bda06cdefea7333dc866d
2025-02-20 Thursday 12:15:05 INFO: Publishing restaurant - 676bd9d761a478d3ee8e408b
2025-02-20 Thursday 12:15:23 INFO: Published successfully - 676bd9d761a478d3ee8e408b
2025-02-20 Thursday 12:15:23 INFO: Publishing restaurant - 676bd98bcdefea7333dc8666
2025-02-20 Thursday 12:16:09 INFO: Published successfully - 676bd98bcdefea7333dc8666
2025-02-20 Thursday 12:16:09 INFO: Publishing restaurant - 676bd97561a478d3ee8e4087
2025-02-20 Thursday 12:16:30 INFO: Published successfully - 676bd97561a478d3ee8e4087
2025-02-20 Thursday 12:16:30 INFO: Publishing restaurant - 676bd96bcdefea7333dc8662
2025-02-20 Thursday 12:17:07 INFO: Published successfully - 676bd96bcdefea7333dc8662
2025-02-20 Thursday 12:17:07 INFO: Publishing restaurant - 676bd8f261a478d3ee8e4083
2025-02-20 Thursday 12:17:38 INFO: Published successfully - 676bd8f261a478d3ee8e4083
2025-02-20 Thursday 12:17:38 INFO: Publishing restaurant - 676bd8c661a478d3ee8e407c
2025-02-20 Thursday 12:18:23 INFO: Published successfully - 676bd8c661a478d3ee8e407c
2025-02-20 Thursday 12:18:23 INFO: Publishing restaurant - 676bd88761a478d3ee8e4078
2025-02-20 Thursday 12:18:49 INFO: Published successfully - 676bd88761a478d3ee8e4078
2025-02-20 Thursday 12:18:49 INFO: --
